<?xml version="1.0" encoding="UTF-8"?>
<testsuite xmlns:xsi="http://www.w3.org/2001/XMLSchema-instance" xsi:noNamespaceSchemaLocation="https://maven.apache.org/surefire/maven-surefire-plugin/xsd/surefire-test-report-3.0.xsd" version="3.0" name="org.example.RunCucumberTest" time="145.643" tests="1" errors="0" skipped="0" failures="0">
  <properties>
[...]
</properties>
  <testcase name="Dodanie produktu" classname="Scenariusz testowy dodania jednego produktu do koszyka" time="144.411">
    <system-out><![CDATA[
@AddingDeviceTest @dodanieJednegoProduktu
Scenario: Dodanie produktu                                                                                         &amp#27;[90m# org/example/AddingDeviceTest.feature:5&amp#27;[0m
13:20:06.268 [main] DEBUG io.github.bonigarcia.wdm.WebDriverManager -- Using WebDriverManager 5.8.0
13:20:07.189 [main] DEBUG io.github.bonigarcia.wdm.cache.ResolutionCache -- Resolution chrome=127 in cache (valid until 13:40:58 09/08/2024 CEST)
13:20:07.192 [main] DEBUG io.github.bonigarcia.wdm.cache.ResolutionCache -- Resolution chrome127=127.0.6533.99 in cache (valid until 09:26:10 10/08/2024 CEST)
13:20:07.193 [main] INFO io.github.bonigarcia.wdm.WebDriverManager -- Using chromedriver 127.0.6533.99 (resolved driver for Chrome 127)
13:20:07.271 [main] DEBUG io.github.bonigarcia.wdm.WebDriverManager -- Driver chromedriver 127.0.6533.99 found in cache
13:20:07.274 [main] INFO io.github.bonigarcia.wdm.WebDriverManager -- Exporting webdriver.chrome.driver as C:\Users\tomek\.cache\selenium\chromedriver\win64\127.0.6533.99\chromedriver.exe
13:20:10.592 [main] INFO org.example.steps.AddingDeviceStepsDefinitions -- Otwieranie przeglądarki.
  &amp#27;[32mGiven &amp#27;[0m&amp#27;[32mJako uĹĽytkownik otwieram przeglÄ…darkÄ™ chrome&amp#27;[0m                                                               &amp#27;[90m# org.example.steps.AddingDeviceStepsDefinitions.jako_uĹĽytkownik_otwieram_przeglÄ…darkÄ™_chrome()&amp#27;[0m
13:20:16.079 [main] INFO org.example.steps.AddingDeviceStepsDefinitions -- Otwieranie strony www.t-mobile.pl
  &amp#27;[32mWhen &amp#27;[0m&amp#27;[32mPrzechodzÄ™ na stronÄ™ https: www.t-mobile.pl&amp#27;[0m                                                                 &amp#27;[90m# org.example.steps.AddingDeviceStepsDefinitions.przechodzÄ™NaStronÄ™HttpsWwwTMobilePl()&amp#27;[0m
13:20:16.391 [main] INFO org.example.steps.AddingDeviceStepsDefinitions -- Strona główna jest widoczna.
  &amp#27;[32mThen &amp#27;[0m&amp#27;[32mStrona gĹ‚Ăłwna jest widoczna&amp#27;[0m                                                                                 &amp#27;[90m# org.example.steps.AddingDeviceStepsDefinitions.strona_gĹ‚Ăłwna_jest_widoczna()&amp#27;[0m
13:20:19.184 [main] INFO org.example.steps.AddingDeviceStepsDefinitions -- Wybieranie zakładki Urządzenia.
  &amp#27;[32mWhen &amp#27;[0m&amp#27;[32mZ gĂłrnej belki wybieram UrzÄ…dzenia&amp#27;[0m                                                                          &amp#27;[90m# org.example.steps.AddingDeviceStepsDefinitions.z_gĂłrnej_belki_wybierz_urzÄ…dzenia()&amp#27;[0m
13:20:19.323 [main] INFO org.example.steps.AddingDeviceStepsDefinitions -- Pokazanie listy rozwijalnej z propozycjami ofert i urządzeniami.
  &amp#27;[32mThen &amp#27;[0m&amp#27;[32mJest widoczna rozwijana lista&amp#27;[0m                                                                               &amp#27;[90m# org.example.steps.AddingDeviceStepsDefinitions.jest_widoczna_rozwijana_lista()&amp#27;[0m
13:20:29.469 [main] INFO org.example.steps.AddingDeviceStepsDefinitions -- Kliknięcie w Bez abonamentu - Smartwatche.
  &amp#27;[32mWhen &amp#27;[0m&amp#27;[32mKlikam "Bez abonamentu" z kolumny "Smartwatche i opaski"&amp#27;[0m                                                    &amp#27;[90m# org.example.steps.AddingDeviceStepsDefinitions.klikam_bez_abonamentu_z_kolumny_smartwatche_i_opaski()&amp#27;[0m
13:20:31.063 [main] INFO org.example.steps.AddingDeviceStepsDefinitions -- Pokazanie listy urządzeń.
  &amp#27;[32mThen &amp#27;[0m&amp#27;[32mJest widoczna lista smartwatchy&amp#27;[0m                                                                             &amp#27;[90m# org.example.steps.AddingDeviceStepsDefinitions.jest_widoczna_lista_smartwatchy()&amp#27;[0m
13:20:37.297 [main] INFO org.example.steps.AddingDeviceStepsDefinitions -- Kliknięcie w pierwsze urządzenie z przedstawionej listy.
  &amp#27;[32mWhen &amp#27;[0m&amp#27;[32mKlikam w pierwszy element z listy&amp#27;[0m                                                                           &amp#27;[90m# org.example.steps.AddingDeviceStepsDefinitions.klikam_w_pierwszy_element_z_listy()&amp#27;[0m
13:21:31.216 [main] INFO org.example.steps.AddingDeviceStepsDefinitions -- Otwieranie strony wybranego produktu.
  &amp#27;[32mThen &amp#27;[0m&amp#27;[32mJest widoczna strona produktu&amp#27;[0m                                                                               &amp#27;[90m# org.example.steps.AddingDeviceStepsDefinitions.jest_widoczna_strona_produktu()&amp#27;[0m
13:21:31.830 [main] INFO org.example.steps.AddingDeviceStepsDefinitions -- Kliknięcie przycisku Dodaj do koszyka.
  &amp#27;[32mWhen &amp#27;[0m&amp#27;[32mDodajÄ™ produkt do koszyka&amp#27;[0m                                                                                   &amp#27;[90m# org.example.steps.AddingDeviceStepsDefinitions.dodajÄ™_produkt_do_koszyka()&amp#27;[0m
13:22:23.464 [main] INFO org.example.steps.AddingDeviceStepsDefinitions -- Otwieranie strony koszyka.
  &amp#27;[32mThen &amp#27;[0m&amp#27;[32mJest widoczna strona TwĂłj koszyk&amp#27;[0m                                                                            &amp#27;[90m# org.example.steps.AddingDeviceStepsDefinitions.jest_widoczna_strona_twĂłj_koszyk()&amp#27;[0m
13:22:23.658 [main] INFO org.example.steps.AddingDeviceStepsDefinitions -- Sprawdzenie kwoty z poprzedniej strony z kwotami w koszyku.
  &amp#27;[32mAnd &amp#27;[0m&amp#27;[32mKwoty Cena na start oraz Rata miesiÄ™czna zgadzajÄ… siÄ™ z kwotami z poprzedniej strony&amp#27;[0m                         &amp#27;[90m# org.example.steps.AddingDeviceStepsDefinitions.kwoty_cena_na_start_oraz_rata_miesiÄ™czna_zgadzajÄ…_siÄ™_z_kwotami_z_poprzedniej_strony()&amp#27;[0m
13:22:26.478 [main] INFO org.example.steps.AddingDeviceStepsDefinitions -- Powrót do strony głównej.
  &amp#27;[32mThen &amp#27;[0m&amp#27;[32mPrzechodzÄ™ na stronÄ™ gĹ‚ĂłwnÄ… T-Mobile&amp#27;[0m                                                                        &amp#27;[90m# org.example.steps.AddingDeviceStepsDefinitions.przechodzÄ™_na_stronÄ™_gĹ‚ĂłwnÄ…_t_mobile()&amp#27;[0m
13:22:28.763 [main] INFO org.example.steps.AddingDeviceStepsDefinitions -- Otwieranie strony głównej oraz porównanie ilości produktów.
  &amp#27;[32mAnd &amp#27;[0m&amp#27;[32mJest widoczna strona gĹ‚Ăłwna. W prawym gĂłrnym rogu widoczna jest ikonka koszyka z liczbÄ… produktĂłw w koszyku.&amp#27;[0m &amp#27;[90m# org.example.steps.AddingDeviceStepsDefinitions.jest_widoczna_strona_gĹ‚Ăłwna_w_prawym_gĂłrnym_rogu_widoczna_jest_ikonka_koszyka_z_liczbÄ…_produktĂłw_w_koszyku()&amp#27;[0m
]]></system-out>
  </testcase>
</testsuite>